<?xml version="1.0" encoding="UTF-8"?>

<testsuite name="com.flashartofwar.fcss.styles.StyleTest" tests="12" failures="0" errors="0" skipped="0" time="0.0">
  <testcase classname="com.flashartofwar.fcss.styles::StyleTest" name="testPropertyOrderAfterAdding" time="0.000" status="success"/>
  <testcase classname="com.flashartofwar.fcss.styles::StyleTest" name="testToString" time="0.000" status="success"/>
  <testcase classname="com.flashartofwar.fcss.styles::StyleTest" name="testPropertyOrder" time="0.000" status="success"/>
  <testcase classname="com.flashartofwar.fcss.styles::StyleTest" name="testMergestyleName" time="0.000" status="success"/>
  <testcase classname="com.flashartofwar.fcss.styles::StyleTest" name="testMergeNewProperty" time="0.000" status="success"/>
  <testcase classname="com.flashartofwar.fcss.styles::StyleTest" name="testAddProperty" time="0.000" status="success"/>
  <testcase classname="com.flashartofwar.fcss.styles::StyleTest" name="testSet_styleName" time="0.000" status="success"/>
  <testcase classname="com.flashartofwar.fcss.styles::StyleTest" name="testMergeSameProperty" time="0.000" status="success"/>
  <testcase classname="com.flashartofwar.fcss.styles::StyleTest" name="testClone" time="0.000" status="success"/>
  <testcase classname="com.flashartofwar.fcss.styles::StyleTest" name="testDeleteProperty" time="0.000" status="success"/>
  <testcase classname="com.flashartofwar.fcss.styles::StyleTest" name="testGet_styleName" time="0.000" status="success"/>
  <testcase classname="com.flashartofwar.fcss.styles::StyleTest" name="testPropertyOrderAfterDelete" time="0.000" status="success"/>
</testsuite>
