<?xml version="1.0" encoding="UTF-8"?>

<testsuite name="com.flashartofwar.fcss.utils.TypeHelperUtilTest" tests="7" failures="0" errors="0" skipped="0" time="0.0">
  <testcase classname="com.flashartofwar.fcss.utils::TypeHelperUtilTest" name="testStringToUrlRequest" time="0.000" status="success"/>
  <testcase classname="com.flashartofwar.fcss.utils::TypeHelperUtilTest" name="testStringToBoolean" time="0.000" status="success"/>
  <testcase classname="com.flashartofwar.fcss.utils::TypeHelperUtilTest" name="testStringToNumber" time="0.000" status="success"/>
  <testcase classname="com.flashartofwar.fcss.utils::TypeHelperUtilTest" name="testStringYesNoToBooleanFalse" time="0.000" status="success"/>
  <testcase classname="com.flashartofwar.fcss.utils::TypeHelperUtilTest" name="testStringToUrlRequestUrl" time="0.000" status="success"/>
  <testcase classname="com.flashartofwar.fcss.utils::TypeHelperUtilTest" name="testStringYesNoToBooleanTrue" time="0.000" status="success"/>
  <testcase classname="com.flashartofwar.fcss.utils::TypeHelperUtilTest" name="testStringToArray" time="0.000" status="success"/>
</testsuite>
