<?xml version="1.0" encoding="UTF-8"?>

<testsuite name="com.flashartofwar.fcss.stylesheets.StyleSheetCollectionTest" tests="16" failures="0" errors="0" skipped="0" time="0.0">
  <testcase classname="com.flashartofwar.fcss.stylesheets::StyleSheetCollectionTest" name="testStyleToStringFromSheet" time="0.000" status="success"/>
  <testcase classname="com.flashartofwar.fcss.stylesheets::StyleSheetCollectionTest" name="testGetStylePropTestD" time="0.000" status="success"/>
  <testcase classname="com.flashartofwar.fcss.stylesheets::StyleSheetCollectionTest" name="testAddStyleSheet" time="0.000" status="success"/>
  <testcase classname="com.flashartofwar.fcss.stylesheets::StyleSheetCollectionTest" name="testClear" time="0.000" status="success"/>
  <testcase classname="com.flashartofwar.fcss.stylesheets::StyleSheetCollectionTest" name="testGet_styleNames" time="0.000" status="success"/>
  <testcase classname="com.flashartofwar.fcss.stylesheets::StyleSheetCollectionTest" name="testNewstyle" time="0.000" status="success"/>
  <testcase classname="com.flashartofwar.fcss.stylesheets::StyleSheetCollectionTest" name="testGetStyle" time="0.000" status="success"/>
  <testcase classname="com.flashartofwar.fcss.stylesheets::StyleSheetCollectionTest" name="testParseCSS" time="0.000" status="success"/>
  <testcase classname="com.flashartofwar.fcss.stylesheets::StyleSheetCollectionTest" name="testGetStylePropTestC" time="0.000" status="success"/>
  <testcase classname="com.flashartofwar.fcss.stylesheets::StyleSheetCollectionTest" name="testRemoveStyleSheet" time="0.000" status="success"/>
  <testcase classname="com.flashartofwar.fcss.stylesheets::StyleSheetCollectionTest" name="testDynamicStyleToString" time="0.000" status="success"/>
  <testcase classname="com.flashartofwar.fcss.stylesheets::StyleSheetCollectionTest" name="testGetStyleNamesReturnsCleanArray" time="0.000" status="success"/>
  <testcase classname="com.flashartofwar.fcss.stylesheets::StyleSheetCollectionTest" name="testGetStyleStyleName" time="0.000" status="success"/>
  <testcase classname="com.flashartofwar.fcss.stylesheets::StyleSheetCollectionTest" name="testGetStylePropTestA" time="0.000" status="success"/>
  <testcase classname="com.flashartofwar.fcss.stylesheets::StyleSheetCollectionTest" name="testGetStylePropTestB" time="0.000" status="success"/>
  <testcase classname="com.flashartofwar.fcss.stylesheets::StyleSheetCollectionTest" name="testGetStyleSheet" time="0.000" status="success"/>
</testsuite>
