<?xml version="1.0" encoding="UTF-8"?>

<testsuite name="com.flashartofwar.fcss.stylesheets.StyleSheetTest" tests="15" failures="0" errors="0" skipped="0" time="0.0">
  <testcase classname="com.flashartofwar.fcss.stylesheets::StyleSheetTest" name="testGetstyle" time="0.000" status="success"/>
  <testcase classname="com.flashartofwar.fcss.stylesheets::StyleSheetTest" name="testClear" time="0.000" status="success"/>
  <testcase classname="com.flashartofwar.fcss.stylesheets::StyleSheetTest" name="testHasStyle" time="0.000" status="success"/>
  <testcase classname="com.flashartofwar.fcss.stylesheets::StyleSheetTest" name="testClearStyleNames" time="0.000" status="success"/>
  <testcase classname="com.flashartofwar.fcss.stylesheets::StyleSheetTest" name="testStyleNamesReturnsCleanArray" time="0.000" status="success"/>
  <testcase classname="com.flashartofwar.fcss.stylesheets::StyleSheetTest" name="testClone" time="0.000" status="success"/>
  <testcase classname="com.flashartofwar.fcss.stylesheets::StyleSheetTest" name="testVaribleMerge" time="0.000" status="success"/>
  <testcase classname="com.flashartofwar.fcss.stylesheets::StyleSheetTest" name="testRelatedStyle" time="0.000" status="success"/>
  <testcase classname="com.flashartofwar.fcss.stylesheets::StyleSheetTest" name="testVariableReplace" time="0.000" status="success"/>
  <testcase classname="com.flashartofwar.fcss.stylesheets::StyleSheetTest" name="testNewstyle" time="0.000" status="success"/>
  <testcase classname="com.flashartofwar.fcss.stylesheets::StyleSheetTest" name="testNumberOfStylesAfterRequestingAllStyles" time="0.000" status="success"/>
  <testcase classname="com.flashartofwar.fcss.stylesheets::StyleSheetTest" name="testParseCSS" time="0.000" status="success"/>
  <testcase classname="com.flashartofwar.fcss.stylesheets::StyleSheetTest" name="testSecondCSSParse" time="0.000" status="success"/>
  <testcase classname="com.flashartofwar.fcss.stylesheets::StyleSheetTest" name="testSecondCSSParseStyle" time="0.000" status="success"/>
  <testcase classname="com.flashartofwar.fcss.stylesheets::StyleSheetTest" name="testToString" time="0.000" status="success"/>
</testsuite>
